<?xml version="1.0" encoding="UTF-8"?>
<!-- Generated by org.testng.reporters.JUnitXMLReporter -->
<testsuite hostname="Lenovo-Laptop" name="his" tests="8" failures="3" timestamp="16 Jan 2017 05:48:16 GMT" time="3.179" errors="0">
  <testcase name="getContents" time="0.398" classname="com.fufang.testcase.his.GetMaterialContents">
    <failure type="org.apache.http.client.ClientProtocolException" message="Unexpected response status: 404">
      <![CDATA[org.apache.http.client.ClientProtocolException: Unexpected response status: 404
	at com.fufang.utils.HttpUtils$1.handleResponse(HttpUtils.java:42)
	at com.fufang.utils.HttpUtils$1.handleResponse(HttpUtils.java:34)
	at org.apache.http.impl.client.CloseableHttpClient.execute(CloseableHttpClient.java:222)
	at org.apache.http.impl.client.CloseableHttpClient.execute(CloseableHttpClient.java:164)
	at org.apache.http.impl.client.CloseableHttpClient.execute(CloseableHttpClient.java:139)
	at com.fufang.utils.HttpUtils.httpGet(HttpUtils.java:46)
	at com.fufang.testcase.his.GetMaterialContents.getContents(GetMaterialContents.java:61)
... Removed 24 stack frames]]>
    </failure>
  </testcase> <!-- getContents -->
  <testcase name="getPharmacy" time="0.806" classname="com.fufang.testcase.his.GetFitPharmacy">
    <failure type="java.lang.AssertionError" message="expected [000000] but found [100000]">
      <![CDATA[java.lang.AssertionError: expected [000000] but found [100000]
	at com.fufang.testcase.his.GetFitPharmacy.getPharmacy(GetFitPharmacy.java:44)
... Removed 29 stack frames]]>
    </failure>
  </testcase> <!-- getPharmacy -->
  <testcase name="invalidParams" time="0.082" classname="com.fufang.testcase.his.GetFitPharmacy"/>
  <testcase name="uploadPrescription" time="0.234" classname="com.fufang.testcase.his.UploadPrescription">
    <failure type="java.lang.AssertionError" message="expected [000000] but found [100000]">
      <![CDATA[java.lang.AssertionError: expected [000000] but found [100000]
	at com.fufang.testcase.his.UploadPrescription.uploadPrescription(UploadPrescription.java:48)
... Removed 29 stack frames]]>
    </failure>
  </testcase> <!-- uploadPrescription -->
  <testcase name="invalidParams" time="0.03" classname="com.fufang.testcase.his.QueryPrescription"/>
  <testcase name="queryPrescription" time="0.118" classname="com.fufang.testcase.his.QueryPrescription"/>
  <testcase name="invalidParams" time="0.019" classname="com.fufang.testcase.his.AgreeReturnMat"/>
  <testcase name="returenMat" time="0.09" classname="com.fufang.testcase.his.AgreeReturnMat"/>
</testsuite> <!-- his -->
