<?xml version="1.0" encoding="UTF-8"?>
<testsuite xmlns:xsi="http://www.w3.org/2001/XMLSchema-instance" xsi:schemaLocation="https://maven.apache.org/surefire/maven-surefire-plugin/xsd/surefire-test-report.xsd" name="TestSuite" time="2.853" tests="8" errors="0" skipped="0" failures="3">
  <properties>
[...]
</properties>
  <testcase name="getContents" classname="com.fufang.testcase.his.GetMaterialContents" time="0.365">
    <failure message="Unexpected response status: 404" type="org.apache.http.client.ClientProtocolException">org.apache.http.client.ClientProtocolException: Unexpected response status: 404
	at com.fufang.testcase.his.GetMaterialContents.getContents(GetMaterialContents.java:61)
</failure>
    <system-out><![CDATA[数据库连接成功
数据库连接成功
Executing request GET http://222.128.34.242:8090/ffcloud-hisFc/getMaterialContents/J3001 HTTP/1.1
]]></system-out>
  </testcase>
  <testcase name="getPharmacy" classname="com.fufang.testcase.his.GetFitPharmacy" time="0.18">
    <failure message="expected [000000] but found [100000]" type="java.lang.AssertionError">java.lang.AssertionError: expected [000000] but found [100000]
	at com.fufang.testcase.his.GetFitPharmacy.getPharmacy(GetFitPharmacy.java:44)
</failure>
    <system-out><![CDATA[参数 :
{
	"diagnosisId":"123456",
	"hisCode":"mtg201",
	"materials":[
		{
			"amount":1,
			"ffId":215934
		}
	]
}
正在执行 request POST http://ct.fu-fang.com:8001/ffcloud-hisFc/getFitPharmacy HTTP/1.1
ResponseBody - {"code":"100000","message":"查询药店实时库存异常,错误信息(没有找到当前社区机构信息！)","data":null}
]]></system-out>
  </testcase>
  <testcase name="invalidParams" classname="com.fufang.testcase.his.GetFitPharmacy" time="0.048"/>
  <testcase name="uploadPrescription" classname="com.fufang.testcase.his.UploadPrescription" time="0.056">
    <failure message="expected [000000] but found [100000]" type="java.lang.AssertionError">java.lang.AssertionError: expected [000000] but found [100000]
	at com.fufang.testcase.his.UploadPrescription.uploadPrescription(UploadPrescription.java:48)
</failure>
    <system-out><![CDATA[参数 :
{
	"diagnosis":[
		{
			"CLINC_NO":"d00",
			"DIAG_NAME":"测试诊疗",
			"NOTE":"",
			"SOAP_SEQID":"000000"
		}
	],
	"hisCode":"mtg201",
	"prescriptions":[
		{
			"AGE":"83",
			"CARDNO":"12345678901S",
			"CASE_GROUP":"1",
			"CLIENT_NAME":"测试患者",
			"CLINC_NO":"0000CL",
			"CLINIC_DATE":"2016-12-1900:00:00",
			"DEPART_CODE":"mtg201",
			"DEPART_NAME":"门头沟服务站",
			"DEPART_UPCODE":"mtg101",
			"DOC_NAME":"测试医生",
			"EHR_NEWNO":"06000948-A",
			"ID_CARD":"110101193212290013",
			"MEDICARE":"8",
			"MED_TYPE":"02",
			"MOBILE_PHONE":"",
			"NOW_ADDRESS":"景山街道隆福寺社区美术馆东街2",
			"PRESCRI_TYPE":"3",
			"SEX":"男",
			"SOAP_SEQID":"000000",
			"UPCODE_NAME":"门头沟服务中心",
			"VALID":"1",
			"FFPRESCRIPTIONCODE":"11010100816122000FF",
			"prescriptionItems":[
				{
					"CHARGE_CODE":"550122220016",
					"CHARGE_OPR_ID":"测试收款员1",
					"CLINC_NO":"0000CL",
					"FREQUENCY_NAME":"Bid",
					"IS_EXTERNAL":"1",
					"LEAST_UNIT":"g",
					"MED_GNAME":"三七伤药片",
					"MED_PRICE":"5",
					"MED_SEQID":"215934",
					"MED_SPEC":"18片*2板",
					"NUM_PER":"5",
					"REAL_AMOUNT":"5",
					"SEND_NUM":"2",
					"SF_TIME":"2016-12-2100:00:00",
					"SOAP_MEDID":"0000SM",
					"SOAP_SEQID":"000000",
					"UNIT_PER":"g",
					"USAGE_NAME":"口服",
					"VALID":"1"
				}
			]
		}
	]
}
正在执行 request POST http://ct.fu-fang.com:8001/ffcloud-hisFc/uploadPrescription HTTP/1.1
ResponseBody - {"code":"100000","message":"将患者信息、处方信息、缴费信息上传到复方前置机异常,错误信息(null)","data":null}
]]></system-out>
  </testcase>
  <testcase name="invalidParams" classname="com.fufang.testcase.his.QueryPrescription" time="0.029"/>
  <testcase name="queryPrescription" classname="com.fufang.testcase.his.QueryPrescription" time="0.048"/>
  <testcase name="invalidParams" classname="com.fufang.testcase.his.AgreeReturnMat" time="0.015"/>
  <testcase name="returenMat" classname="com.fufang.testcase.his.AgreeReturnMat" time="0.056"/>
</testsuite>