<?xml version="1.0" encoding="UTF-8"?>
<testng-results skipped="0" failed="0" total="0" passed="0">
  <reporter-output>
  </reporter-output>
  <suite name="Default suite" duration-ms="783" started-at="2017-01-16T05:59:53Z" finished-at="2017-01-16T05:59:53Z">
    <groups>
    </groups>
    <test name="Default test" duration-ms="783" started-at="2017-01-16T05:59:53Z" finished-at="2017-01-16T05:59:53Z">
      <class name="com.fufang.testcase.his.GetMaterialContents">
        <test-method status="PASS" signature="deleteSql()[pri:0, instance:com.fufang.testcase.his.GetMaterialContents@47fd17e3]" name="deleteSql" is-config="true" duration-ms="776" started-at="2017-01-16T13:59:53Z" finished-at="2017-01-16T13:59:53Z">
          <reporter-output>
          </reporter-output>
        </test-method> <!-- deleteSql -->
      </class> <!-- com.fufang.testcase.his.GetMaterialContents -->
    </test> <!-- Default test -->
  </suite> <!-- Default suite -->
</testng-results>
